[0m[1m-------------------------------------[0m
[0m[1m-- ../../tome-krtr-v1.3.3.teaa/overload/data/chats/alchemist-derth.lua[0m
[0m[1m-------------------------------------[0m
{tag="String","engine.krtrUtils"}
{tag="String","class"}
{tag="String","Object"}
{tag="String","loadList"}
{tag="String","/data/general/objects/brotherhood-artifacts.lua"}
{tag="String","player"}
{tag="String","hasQuest"}
{tag="String","brotherhood-of-alchemists"}
{tag="String","LIFEBINDING_EMERALD"}
{tag="String","short_name"}
{tag="String","fox"}
{tag="String","name"}
{tag="String","elixir of the fox"}
{tag="String","kr_name"}
{tag="String","ì—¬ìš°ì˜ ì—˜ë¦­ì„œ"}
{tag="String","id"}
{tag="String","ELIXIR_FOX"}
{tag="String","start"}
{tag="String","fox_start"}
{tag="String","almost"}
{tag="String","fox_almost_done"}
{tag="String","full"}
{tag="String","elixir_of_the_fox"}
{tag="String","full_2"}
{tag="String","elixir_of_avoidance"}
{tag="String","full_3"}
{tag="String","elixir_of_precision"}
{tag="String","poached"}
{tag="String","fox_poached"}
{tag="String","short_name"}
{tag="String","avoidance"}
{tag="String","name"}
{tag="String","elixir of avoidance"}
{tag="String","kr_name"}
{tag="String","íšŒí”¼ì˜ ì—˜ë¦­ì„œ"}
{tag="String","id"}
{tag="String","ELIXIR_AVOIDANCE"}
{tag="String","start"}
{tag="String","avoidance_start"}
{tag="String","almost"}
{tag="String","avoidance_almost_done"}
{tag="String","full"}
{tag="String","elixir_of_avoidance"}
{tag="String","full_2"}
{tag="String","elixir_of_the_fox"}
{tag="String","full_3"}
{tag="String","elixir_of_precision"}
{tag="String","poached"}
{tag="String","avoidance_poached"}
{tag="String","short_name"}
{tag="String","precision"}
{tag="String","name"}
{tag="String","elixir of precision"}
{tag="String","kr_name"}
{tag="String","ì •ë°€í•¨ì˜ ì—˜ë¦­ì„œ"}
{tag="String","id"}
{tag="String","ELIXIR_PRECISION"}
{tag="String","start"}
{tag="String","precision_start"}
{tag="String","almost"}
{tag="String","precision_almost_done"}
{tag="String","full"}
{tag="String","elixir_of_precision"}
{tag="String","full_2"}
{tag="String","elixir_of_the_fox"}
{tag="String","full_3"}
{tag="String","elixir_of_avoidance"}
{tag="String","poached"}
{tag="String","precision_poached"}
{tag="String","check_ingredients"}
{tag="String","short_name"}
{tag="String","isCompleted"}
{tag="String","almost"}
{tag="String","isCompleted"}
{tag="String","full"}
{tag="String","isCompleted"}
{tag="String","start"}
{tag="String","isCompleted"}
{tag="String","full_2"}
{tag="String","isCompleted"}
{tag="String","full_3"}
{tag="String","check_ingredients"}
{tag="String","short_name"}
{tag="String","isCompleted"}
{tag="String","almost"}
{tag="String","isCompleted"}
{tag="String","full"}
{tag="String","isCompleted"}
{tag="String","start"}
{tag="String","isCompleted"}
{tag="String","full_2"}
{tag="String","isCompleted"}
{tag="String","full_3"}
{tag="String","check_ingredients"}
{tag="String","short_name"}
{tag="String","isCompleted"}
{tag="String","almost"}
{tag="String","isCompleted"}
{tag="String","full"}
{tag="String","isCompleted"}
{tag="String","start"}
{tag="String","isCompleted"}
{tag="String","poached"}
{tag="String","isCompleted"}
{tag="String","full"}
{tag="String","isCompleted"}
{tag="String","full"}
{tag="String","isCompleted"}
{tag="String","full"}
{tag="String","isCompleted"}
{tag="String","start"}
{tag="String","isCompleted"}
{tag="String","full"}
{tag="String","isCompleted"}
{tag="String","start"}
{tag="String","isCompleted"}
{tag="String","full"}
{tag="String","isCompleted"}
{tag="String","start"}
{tag="String","isCompleted"}
{tag="String","full"}
{tag="String","check_ingredients"}
{tag="String","short_name"}
{tag="String","isCompleted"}
{tag="String","start"}
{tag="String","isCompleted"}
{tag="String","full"}
{tag="String","check_ingredients"}
{tag="String","short_name"}
{tag="String","isCompleted"}
{tag="String","start"}
{tag="String","isCompleted"}
{tag="String","almost"}
{tag="String","isCompleted"}
{tag="String","full"}
{tag="String","í›„... ë„ˆë¬´ ëŠ¦ì—ˆë‹¤ë„¤. %s ë†ˆì´ ë²Œì¨ ì…ë‹¨ ì‹¬ì‚¬ë¥¼ ëëƒˆë‹¤ëŠ”êµ°. ë­, ê·¸ë˜ë„ ì—˜ë¦­ì„œëŠ” ë§Œë“¤ì–´ì£¼ë„ë¡ í•˜ì§€. ìë„¤ì—ê²ŒëŠ” ê³¼ë¶„í•œ ë³´ìƒì´ê² ì§€ë§Œ ë§ì´ì•¼."}
{tag="String","format"}
{tag="String","ì•„, ì¢‹êµ° ê·¸ë˜. ì´ë¦¬ ì£¼ê²Œë‚˜. í•˜ì§€ë§Œ ìë„¤ê°€ ì˜¤ë«ë™ì•ˆ ìë¦¬ë¥¼ ë¹„ìš´ ë™ì•ˆ, %s ë†ˆì´ %s ë§Œë“¤ì—ˆë‹¤ëŠ” ì†Œì‹ì„ ë“¤ì—ˆë‹¤ë„¤. ê·¸ë†ˆì´ ë‚´ ìë¦¬ë¥¼ ëºëŠ”ê±¸ ë³¼ ë°”ì—ì•¼, ì°¨ë¼ë¦¬ ë‚´ ëª©ìˆ¨ì„ ëŠê³  ë§í…Œë‹ˆ ê·¸ë¦¬ ì•Œê²Œ."}
{tag="String","format"}
{tag="String","addJosa"}
{tag="String","ë¥¼"}
{tag="String","isCompleted"}
{tag="String","start"}
{tag="String","isCompleted"}
{tag="String","start"}
{tag="String","isCompleted"}
{tag="String","start"}
{tag="String","id"}
{tag="String","welcome"}
{tag="String","text"}
{tag="String","#LIGHT_GREEN#*ì•„ì£¼ ê¹”ë”í•œ í°ìƒ‰ ë¹„ë‹¨ ë¡œë¸Œë¥¼ ì…ì€ ë‚¨ìê°€ ë¬¸ì„ ì—´ê³ , ë‹¹ì‹ ì„ ì‚´í´ë´…ë‹ˆë‹¤.*#WHITE#\
ì•„, ëª¨í—˜ê°€ì¸ê°€. ë§ˆì¹¨ ìƒˆë¡œìš´ ëª¨í—˜ê°€ê°€ í•˜ë‚˜ í•„ìš”í–ˆë˜ ì°¸ì¸ë°."}
{tag="String","answers"}
{tag="String","ê·¸ê²ƒ ì°¸ ë°˜ê°€ìš°ë©´ì„œë„... ë¶ˆê¸¸í•œ ë§ì´êµ°ìš”."}
{tag="String","jump"}
{tag="String","ominous"}
{tag="String","[ë– ë‚œë‹¤]"}
{tag="String","id"}
{tag="String","ominous"}
{tag="String","text"}
{tag="String","ê·¸ë ‡ë‹¤ë„¤. ë³´ìƒì€ í¬ì§€ë§Œ ëŒ€ê°€ë„ ë§Œë§Œì°®ì€ ì¼ì´ì§€. ìë„¤ê°€ í›Œë¥­í•˜ê²Œ ì¼ì„ í•´ë‚¸ë‹¤ë©´, ë‚˜ ì—­ì‹œ í›Œë¥­í•œ ë³´ìƒì„ ì¤„ ìˆ˜ ìˆë‹¤ë„¤. í•˜ì§€ë§Œ, ìë„¤ë¥¼ ì‚¬ì§€ì— ëª°ì•„ë„£ì„ ìˆ˜ë„ ìˆëŠ” ì¼ì´ì§€. ë²Œì¨ ì„¸ ëª…ì§¸ë¼ë„¤. ì¼ì„ ë§¡ê²¼ë‹¤ê°€ ë‹¤ì‹œëŠ” ëŒì•„ì˜¤ì§€ ëª»í•˜ê²Œ ëœ ëª¨í—˜ê°€ê°€ ë§ì¼ì„¸."}
{tag="String","answers"}
{tag="String","ë¬´ìŠ¨ ì¼ì´ê¸¸ë˜...?"}
{tag="String","jump"}
{tag="String","proposal"}
{tag="String","id"}
{tag="String","proposal"}
{tag="String","text"}
{tag="String","ì¢‹ì€ ì§ˆë¬¸ì´ë„¤, ëª¨í—˜ê°€ì—¬. ë‚˜ëŠ” ì—°ê¸ˆìˆ ì‚¬, ì•„ì£¼ ë›°ì–´ë‚œ ì—°ê¸ˆìˆ ì‚¬ë¼ë„¤. ê·¸ë¦¬ê³  ì˜¬í•´, ì²˜ìŒìœ¼ë¡œ, ì € ìœ„ëŒ€í•œ 'ì—°ê¸ˆìˆ ì‚¬ í˜•ì œë‹¨' ì´ ë‚˜ë¥¼ ì…ë‹¨ í›„ë³´ë¡œ ìŠ¹ì¸í•´ì£¼ì—ˆë„¤. ìì„¸í•œ ì…ë‹¨ ìŠ¹ì¸ ì ˆì°¨ë¥¼ ì„¤ëª…í•´ì£¼ë©´ ìë„¤ ë¨¸ë¦¬ì— ì¥ê°€ ë‚ í…Œë‹ˆ, ê°„ë‹¨í•˜ê²Œ ì–˜ê¸°í•˜ì§€. *ì•„ì£¼ í˜ë“ * ì¼ì´ë¼ë„¤. ìš´ì´ ì¢‹ê²Œë„, ë‚˜ì™€ ì…ë‹¨ ì‚¬ì´ì—ëŠ” ì´ì œ ê°„ë‹¨í•œ ì„¸ ê°€ì§€ ì¼ë§Œì´ ë‚¨ì•„ìˆëŠ” ìƒíƒœì§€."}
{tag="String","answers"}
{tag="String","ì œê°€ ë„ì™€ë“œë¦´ ì¼ì€?"}
{tag="String","jump"}
{tag="String","help"}
{tag="String","id"}
{tag="String","help"}
{tag="String","text"}
{tag="String","ì„¸ ê°€ì§€ ì¼, ì¦‰ ì„¸ ê°€ì§€ ì—˜ë¦­ì„œë¥¼ ë§Œë“¤ê¸° ìœ„í•œ ì¬ë£Œê°€ í•„ìš”í•˜ë‹¤ë„¤. ë‹¹ì—°í•œ ë§ì´ì§€ë§Œ, ë‚´ê°€ ìë„¤ì˜ ë„ì›€ì´ í•„ìš”í•˜ë‹¤ëŠ” ëœ»ì€ ê·¸ ì¬ë£Œë“¤ì´ ì´ê³³ì˜ ì•½ì´ˆìƒì—ê²Œì„œëŠ” êµ¬í•  ìˆ˜ ì—†ëŠ” ì¬ë£Œë¼ëŠ” ëœ»ì´ê² ì§€. ë‚´ê°€ í•„ìš”í•œ ì¬ë£Œë“¤ì€ ê·¸ ì¬ë£Œì˜ ì†Œìœ ìì—ê²Œì„œ ê°•ì œì ìœ¼ë¡œ ê°€ì ¸ì™€ì•¼ í•˜ëŠ” ê²ƒë“¤ì´ê³ , ê·¸ëŸ¬ë ¤ë©´ ê·¸ ì†Œìœ ìë“¤ê³¼ ì‹¸ìš¸ ìˆ˜ë°–ì— ì—†ë„¤. ì ì–´ë„ ë‚˜ëŠ” ë¶€íƒí•œë‹¤ê³  ìê¸° í˜€ë¥¼ ë½‘ì•„ì£¼ëŠ” ë‚˜ê°€ëŠ” ë§Œë‚˜ë³¸ ì ì´ ì—†ìœ¼ë‹ˆê¹Œ ë§ì¼ì„¸! í•˜! ì˜¤, ë‚˜ë„ ê°€ë”ì€ ì´ëŸ° ë†ë‹´ë„ í•  ì¤„ ì•ˆë‹¤ë„¤."}
{tag="String","answers"}
{tag="String","ê´´ë¬¼ë“¤ì—ê²Œì„œ ì¥ê¸°ë¥¼ ì˜ë¼ë‚´ëŠ” ê²ƒ í•˜ë‚˜ëŠ” ìì‹ ìˆìŠµë‹ˆë‹¤. ê·¸ ì¼ì— ëŒ€í•œ ëŒ€ê°€ëŠ”?"}
{tag="String","jump"}
{tag="String","competition"}
{tag="String","id"}
{tag="String","competition"}
{tag="String","text"}
{tag="String","ì•„, ë‚´ ë…¸ë ¥ì˜ ê²°ì‹¤ì„ ë‚˜ëˆ ì£¼ê² ë‹¤ë„¤! ì„¸ ê°€ì§€ ì¬ë£Œë¡œ ì—˜ë¦­ì„œë¥¼ ë§Œë“¤ë©´, í•œë²ˆì— ì„¸ ë³‘ ì •ë„ëŠ” ë§Œë“¤ì–´ë‚¼ ìˆ˜ ìˆìœ¼ë‹ˆ ë§ì¼ì„¸. í•˜ë‚˜ëŠ” ë‚´ê°€ ê°€ì§€ê³ , í•˜ë‚˜ëŠ” ê·¸ ë¹Œì–´ë¨¹ì„ ì…ë‹¨ ì‹¬ì‚¬ë¥¼ ìœ„í•´ ì“°ê³ ... ë‚˜ë¨¸ì§€ í•˜ë‚˜ëŠ” ìë„¤ê°€ ê°€ì§€ê²Œ ë˜ëŠ”ê±°ì§€. ì´ì œ ì´ ì¼ì˜ í•µì‹¬ì„ ë§í•´ì¤„ ì‹œê°„ì´ë¡œêµ°. ì˜¬í•´ ì—°ê¸ˆìˆ ì‚¬ í˜•ì œë‹¨ì˜ ì´ˆëŒ€ë¥¼ ë°›ì€ ê²ƒì€ ë‚˜ í˜¼ìê°€ ì•„ë‹ˆë¼ë„¤. í•˜ì§€ë§Œ ë¹ˆ ìë¦¬ëŠ” ë”± í•˜ë‚˜ ë¿ì´ì§€... ì…ë‹¨ ì‹¬ì‚¬ë¥¼ ë¨¼ì € ë§ˆì¹œ ì‚¬ëŒì´ ê·¸ ìë¦¬ì— ì•‰ê²Œ ë˜ëŠ”ê±°ê³ . ë‚´ê°€ ì•Œê¸°ë¡œëŠ” 3 ëª… ì •ë„ì˜ ë‹¤ë¥¸ ê²½ìŸìë“¤ì´ ë‚˜ë¥¼ ìœ„í•´ ë§ˆë ¨ëœ ìë¦¬ì— ì•‰ìœ¼ë ¤ê³  ê³ êµ°ë¶„íˆ¬ ì¤‘ì´ë¼ê³  ë“¤ì—ˆë„¤. ìë„¤ê°€ ë‚˜ì˜ ì§„ì •í•œ ê°€ì¹˜ë¥¼ ê¿°ëš«ì–´ë³¼ ìˆ˜ ìˆë‹¤ë©´, ë‚˜ë¥¼ ë„ì™€ì£¼ê²Œ. ë§Œì•½ ë‚´ê°€ ìµœì¢…ì ìœ¼ë¡œ ì…ë‹¨ ì‹¬ì‚¬ë¥¼ í†µê³¼í•˜ê²Œ ëœë‹¤ë©´, ì € ì—˜ë¦­ì„œë“¤ë³´ë‹¤ë„ ë” ì—„ì²­ë‚œê±¸ ì£¼ì§€. ë°”ë¡œ ìœ„ëŒ€í•œ í˜ê³¼ ê±´ê°•ê³¼ ìƒëª…ë ¥ì„ ì£¼ëŠ” ê³ ëŒ€ì˜ ë³´ì„ 'ìƒëª…ë ¥ì´ ë¬¶ì¸ ì—ë©”ë„ë“œ'ë¼ë„¤. ë¬¼ë¡  ë³´ì„ì„ ì‚¬ìš©í•  ì¤„ ëª¨ë¥´ë©´ í•œë‚± ëŒë©ì–´ë¦¬ì— ë¶ˆê³¼í•˜ê² ì§€ë§Œ ë§ì¼ì„¸. ì–´ë–¤ê°€? ë‚˜ë¥¼ ë„ì™€ì£¼ê² ë‚˜?"}
{tag="String","answers"}
{tag="String","ê·¸ëŸ¬ì£ ."}
{tag="String","jump"}
{tag="String","choice"}
{tag="String","action"}
{tag="String","grantQuest"}
{tag="String","brotherhood-of-alchemists"}
{tag="String","ì§€ê¸ˆì€ ë„ì™€ë“œë¦´ ìˆ˜ ì—†ì„ ê²ƒ ê°™êµ°ìš”."}
{tag="String","id"}
{tag="String","choice"}
{tag="String","text"}
{tag="String","ì¢‹ì•„. ë‚˜ëŠ” ì´ì œ ì„¸ ê°€ì§€ ì—˜ë¦­ì„œë¥¼ ë§Œë“¤ê¸° ìœ„í•œ ê¸°ë³¸ ì‘ì—…ì„ ì‹œì‘í•˜ê² ë„¤. ìë„¤ëŠ” í•œ ë²ˆì— í•˜ë‚˜ì˜ ì—˜ë¦­ì„œ ì¬ë£Œë§Œ êµ¬í•´ì£¼ë©´ ë˜ë„¤. ë‚˜ëŠ” ëª¨í—˜ê°€ë“¤ì˜ ë‡Œ ìš©ëŸ‰ì„ ê³¼ì‹ í•˜ë©´ ì–´ë–¤ ì°¸ìƒì´ ì¼ì–´ë‚˜ëŠ”ì§€ ì¶©ë¶„íˆ ì•Œê³  ìˆìœ¼ë‹ˆ ë§ì¼ì„¸. ìë„¤ì—ê²Œ ì„ íƒí•  ê¸°íšŒë¥¼ ì£¼ì§€. ì—¬ìš°ì˜ ì—˜ë¦­ì„œëŠ” ìë„¤ì˜ ëª¸ë†€ë¦¼ê³¼ êµí™œí•¨ì„ ì—¬ìš°ì™€ ê°™ì´ ë§Œë“¤ì–´ì¤€ë‹¤ë„¤. íšŒí”¼ì˜ ì—˜ë¦­ì„œëŠ” ìë„¤ì˜ ìì—°ì  ê¸°ì§ˆì„ ëŒì–´ì˜¬ë ¤ ìœ„í—˜í•œ ìƒí™©ì—ì„œ ê³µê²©ì„ í”¼í•  ìˆ˜ ìˆê²Œ ë˜ì§€. ì •ë°€í•¨ì˜ ì—˜ë¦­ì„œëŠ” ì ì˜ ê°€ì¥ ë¯¼ê°í•œ ë¶€ìœ„ë¥¼ ì§ê°ì ìœ¼ë¡œ ì´í•´í•  ìˆ˜ ìˆëŠ” ëŠ¥ë ¥ì„ ì¤€ë‹¤ë„¤. ì–´ë–¤ ì—˜ë¦­ì„œë¥¼ ë§Œë“¤ê³  ì‹¶ì€ê°€?"}
{tag="String","answers"}
{tag="String",""}
{tag="String","kr_name"}
{tag="String",""}
{tag="String","jump"}
{tag="String","list"}
{tag="String","cond"}
{tag="String","player"}
{tag="String","hasQuest"}
{tag="String","brotherhood-of-alchemists"}
{tag="String","isCompleted"}
{tag="String","full"}
{tag="String","action"}
{tag="String","setQuestStatus"}
{tag="String","brotherhood-of-alchemists"}
{tag="String","Quest"}
{tag="String","COMPLETED"}
{tag="String","start"}
{tag="String","player"}
{tag="String","hasQuest"}
{tag="String","brotherhood-of-alchemists"}
{tag="String","update_needed_ingredients"}
{tag="String","on_select"}
{tag="String","id"}
{tag="String","identify"}
{tag="String","tooltip_x"}
{tag="String","tooltip_y"}
{tag="String","tooltipDisplayAtMap"}
{tag="String","w"}
{tag="String","h"}
{tag="String","getDesc"}
{tag="String",""}
{tag="String","kr_name"}
{tag="String",""}
{tag="String","jump"}
{tag="String","list"}
{tag="String","cond"}
{tag="String","player"}
{tag="String","hasQuest"}
{tag="String","brotherhood-of-alchemists"}
{tag="String","isCompleted"}
{tag="String","full"}
{tag="String","action"}
{tag="String","setQuestStatus"}
{tag="String","brotherhood-of-alchemists"}
{tag="String","Quest"}
{tag="String","COMPLETED"}
{tag="String","start"}
{tag="String","player"}
{tag="String","hasQuest"}
{tag="String","brotherhood-of-alchemists"}
{tag="String","update_needed_ingredients"}
{tag="String","on_select"}
{tag="String","id"}
{tag="String","identify"}
{tag="String","tooltip_x"}
{tag="String","tooltip_y"}
{tag="String","tooltipDisplayAtMap"}
{tag="String","w"}
{tag="String","h"}
{tag="String","getDesc"}
{tag="String",""}
{tag="String","kr_name"}
{tag="String",""}
{tag="String","jump"}
{tag="String","list"}
{tag="String","cond"}
{tag="String","player"}
{tag="String","hasQuest"}
{tag="String","brotherhood-of-alchemists"}
{tag="String","isCompleted"}
{tag="String","full"}
{tag="String","action"}
{tag="String","setQuestStatus"}
{tag="String","brotherhood-of-alchemists"}
{tag="String","Quest"}
{tag="String","COMPLETED"}
{tag="String","start"}
{tag="String","player"}
{tag="String","hasQuest"}
{tag="String","brotherhood-of-alchemists"}
{tag="String","update_needed_ingredients"}
{tag="String","on_select"}
{tag="String","id"}
{tag="String","identify"}
{tag="String","tooltip_x"}
{tag="String","tooltip_y"}
{tag="String","tooltipDisplayAtMap"}
{tag="String","w"}
{tag="String","h"}
{tag="String","getDesc"}
{tag="String","[ë– ë‚œë‹¤]"}
{tag="String","id"}
{tag="String","list"}
{tag="String","text"}
{tag="String","ë‚´ê°€ í•„ìš”í•œ ì¬ë£Œë“¤ì˜ ëª©ë¡ì´ë¼ë„¤. ì¬ë£Œë¥¼ ì°¾ë‹¤ê°€ ì£½ì–´ë²„ë¦¬ì§€ëŠ” ë§ê²Œë‚˜. ì˜¬í•´ì˜ ê¸°íšŒë¥¼ ë†“ì¹˜ëŠë‹ˆ ì°¨ë¼ë¦¬ ë‚´ê°€ ì£½ê³  ë§í…Œë‹ˆê¹Œ. ì˜¤, ê·¸ë¦¬ê³  ì´ë¯¸ ëª‡ëª‡ ëª¨í—˜ê°€ë“¤ì´ ì¬ë£Œë¥¼ ì°¾ê¸° ìœ„í•´ ì„¸ê³„ì˜ ë¶ˆì¾Œí•œ ì§€ì—­ë“¤ì„ ëŒì•„ë‹¤ë‹ˆê³  ìˆë‹¤ëŠ” ì‚¬ì‹¤ì„ ë§í•´ì¤˜ì•¼ê² êµ°. ìë„¤ê°€ ë¯¸ì ê±°ë¦°ë‹¤ë©´, ë‹¤ë¥¸ ëª¨í—˜ê°€ê°€ ë¨¼ì € ì™€ì„œ ì—˜ë¦­ì„œë¥¼ ë§ˆì…”ë²„ë¦´ì§€ë„ ëª¨ë¥¸ë‹¤ë„¤."}
{tag="String","answers"}
{tag="String","ê·¸ëŸ¼ ì´ë§Œ."}
{tag="String","isStatus"}
{tag="String","DONE"}
{tag="String","id"}
{tag="String","welcome"}
{tag="String","text"}
{tag="String","#LIGHT_GREEN#*ë¬¸ì€ ì ê²¨ ìˆê³ , ì•„ë¬´ë„ ë‹¹ì‹ ì˜ ë…¸í¬ì— ì‘ë‹µí•˜ì§€ ì•ŠìŠµë‹ˆë‹¤.*#WHITE#"}
{tag="String","answers"}
{tag="String","[ë– ë‚œë‹¤]"}
{tag="String","competition"}
{tag="String","id"}
{tag="String","welcome"}
{tag="String","text"}
{tag="String","#LIGHT_GREEN#*ì—°ê¸ˆìˆ ì‚¬ê°€ ë¬¸ì„ ì—´ì—ˆìŠµë‹ˆë‹¤.*#WHITE#\
ì•„, ìë„¤ì¸ê°€."}
{tag="String","answers"}
{tag="String",""}
{tag="String","kr_name"}
{tag="String","ì— í•„ìš”í•œ ì¬ë£Œë¥¼ ëª¨ë‘ ê°€ì ¸ì™”ìŠµë‹ˆë‹¤."}
{tag="String","jump"}
{tag="String","complete"}
{tag="String","cond"}
{tag="String","action"}
{tag="String","on_turnin"}
{tag="String",""}
{tag="String","kr_name"}
{tag="String","ì— í•„ìš”í•œ ì¬ë£Œë¥¼ ëª¨ë‘ ê°€ì ¸ì™”ìŠµë‹ˆë‹¤."}
{tag="String","jump"}
{tag="String","complete"}
{tag="String","cond"}
{tag="String","action"}
{tag="String","on_turnin"}
{tag="String",""}
{tag="String","kr_name"}
{tag="String","ì— í•„ìš”í•œ ì¬ë£Œë¥¼ ëª¨ë‘ ê°€ì ¸ì™”ìŠµë‹ˆë‹¤."}
{tag="String","jump"}
{tag="String","complete"}
{tag="String","cond"}
{tag="String","action"}
{tag="String","on_turnin"}
{tag="String",""}
{tag="String","kr_name"}
{tag="String","ì— í•„ìš”í•œ ì¬ë£Œë¥¼ ëª¨ë‘ ê°€ì ¸ì™”ìŠµë‹ˆë‹¤."}
{tag="String","jump"}
{tag="String","totally-complete"}
{tag="String","cond"}
{tag="String",""}
{tag="String","kr_name"}
{tag="String","ì— í•„ìš”í•œ ì¬ë£Œë¥¼ ëª¨ë‘ ê°€ì ¸ì™”ìŠµë‹ˆë‹¤."}
{tag="String","jump"}
{tag="String","totally-complete"}
{tag="String","cond"}
{tag="String",""}
{tag="String","kr_name"}
{tag="String","ì— í•„ìš”í•œ ì¬ë£Œë¥¼ ëª¨ë‘ ê°€ì ¸ì™”ìŠµë‹ˆë‹¤."}
{tag="String","jump"}
{tag="String","totally-complete"}
{tag="String","cond"}
{tag="String",""}
{tag="String","kr_name"}
{tag="String","ì— í•„ìš”í•œ ì¬ë£Œë¥¼ ëª¨ë‘ ê°€ì ¸ì™”ìŠµë‹ˆë‹¤."}
{tag="String","jump"}
{tag="String","poached"}
{tag="String","cond"}
{tag="String",""}
{tag="String","kr_name"}
{tag="String","ì— í•„ìš”í•œ ì¬ë£Œë¥¼ ëª¨ë‘ ê°€ì ¸ì™”ìŠµë‹ˆë‹¤."}
{tag="String","jump"}
{tag="String","poached"}
{tag="String","cond"}
{tag="String",""}
{tag="String","kr_name"}
{tag="String","ì— í•„ìš”í•œ ì¬ë£Œë¥¼ ëª¨ë‘ ê°€ì ¸ì™”ìŠµë‹ˆë‹¤."}
{tag="String","jump"}
{tag="String","poached"}
{tag="String","cond"}
{tag="String","ë‹¹ì‹ ì„ ì¡°ê¸ˆ ë” ë„ì™€ë“œë¦¬ê¸° ìœ„í•´ ì™”ìŠµë‹ˆë‹¤."}
{tag="String","jump"}
{tag="String","choice"}
{tag="String","cond"}
{tag="String","[ë– ë‚œë‹¤]"}
{tag="String","id"}
{tag="String","complete"}
{tag="String","text"}
{tag="String","answers"}
{tag="String","[ê·¸ì—ê²Œ ëª¨ì•„ì˜¨ ì¬ë£Œë“¤ì„ ì¤€ë‹¤]"}
{tag="String","jump"}
{tag="String","complete2"}
{tag="String","cond"}
{tag="String","action"}
{tag="String","setQuestStatus"}
{tag="String","brotherhood-of-alchemists"}
{tag="String","Quest"}
{tag="String","COMPLETED"}
{tag="String","almost"}
{tag="String","remove_ingredients"}
{tag="String","short_name"}
{tag="String","[ê·¸ì—ê²Œ ëª¨ì•„ì˜¨ ì¬ë£Œë“¤ì„ ì¤€ë‹¤]"}
{tag="String","jump"}
{tag="String","complete2"}
{tag="String","cond"}
{tag="String","action"}
{tag="String","setQuestStatus"}
{tag="String","brotherhood-of-alchemists"}
{tag="String","Quest"}
{tag="String","COMPLETED"}
{tag="String","almost"}
{tag="String","remove_ingredients"}
{tag="String","short_name"}
{tag="String","[ê·¸ì—ê²Œ ëª¨ì•„ì˜¨ ì¬ë£Œë“¤ì„ ì¤€ë‹¤]"}
{tag="String","jump"}
{tag="String","complete2"}
{tag="String","cond"}
{tag="String","action"}
{tag="String","setQuestStatus"}
{tag="String","brotherhood-of-alchemists"}
{tag="String","Quest"}
{tag="String","COMPLETED"}
{tag="String","almost"}
{tag="String","remove_ingredients"}
{tag="String","short_name"}
{tag="String","id"}
{tag="String","totally-complete"}
{tag="String","text"}
{tag="String","#LIGHT_GREEN#*ì—°ê¸ˆìˆ ì‚¬ê°€ í™œì§ ì›ƒìœ¼ë©´ì„œ, ì¬ë£Œë“¤ì„ ë¹¨ë¦¬ ê°€ì ¸ê°€ê³  ì‹¶ë‹¤ëŠ” íƒœë„ë¥¼ ì·¨í•©ë‹ˆë‹¤.*#WHITE#\
êµ‰ì¥í•´, ì •ë§ êµ‰ì¥í•´! ë§ˆì§€ë§‰ í•œ ë°œì§ì„ ë‚´ë”›ëŠ” ìˆœê°„! ì, ë¹¨ë¦¬ ê·¸ ì¬ë£Œë“¤ì„ ì£¼ê²Œë‚˜!"}
{tag="String","answers"}
{tag="String","[ê·¸ì—ê²Œ ëª¨ì•„ì˜¨ ì¬ë£Œë“¤ì„ ì¤€ë‹¤]"}
{tag="String","jump"}
{tag="String","totally-complete2"}
{tag="String","cond"}
{tag="String","action"}
{tag="String","setQuestStatus"}
{tag="String","brotherhood-of-alchemists"}
{tag="String","Quest"}
{tag="String","COMPLETED"}
{tag="String","almost"}
{tag="String","remove_ingredients"}
{tag="String","short_name"}
{tag="String","[ê·¸ì—ê²Œ ëª¨ì•„ì˜¨ ì¬ë£Œë“¤ì„ ì¤€ë‹¤]"}
{tag="String","jump"}
{tag="String","totally-complete2"}
{tag="String","cond"}
{tag="String","action"}
{tag="String","setQuestStatus"}
{tag="String","brotherhood-of-alchemists"}
{tag="String","Quest"}
{tag="String","COMPLETED"}
{tag="String","almost"}
{tag="String","remove_ingredients"}
{tag="String","short_name"}
{tag="String","[ê·¸ì—ê²Œ ëª¨ì•„ì˜¨ ì¬ë£Œë“¤ì„ ì¤€ë‹¤]"}
{tag="String","jump"}
{tag="String","totally-complete2"}
{tag="String","cond"}
{tag="String","action"}
{tag="String","setQuestStatus"}
{tag="String","brotherhood-of-alchemists"}
{tag="String","Quest"}
{tag="String","COMPLETED"}
{tag="String","almost"}
{tag="String","remove_ingredients"}
{tag="String","short_name"}
{tag="String","id"}
{tag="String","complete2"}
{tag="String","text"}
{tag="String","ì—¬ê¸°ì„œ ë‚´ ì˜ˆìˆ ì ì¸ ì‘í’ˆì´ ì™„ì„±ë˜ê¸°ê¹Œì§€ ì ê¹ ê¸°ë‹¤ë¦¬ê²Œë‚˜. í•œ ì‹œê°„ ë‚´ë¡œëŠ” ëë‚ í…Œë‹ˆ ë§ì¼ì„¸."}
{tag="String","answers"}
{tag="String","[ê¸°ë‹¤ë¦°ë‹¤]"}
{tag="String","jump"}
{tag="String","complete3"}
{tag="String","id"}
{tag="String","totally-complete2"}
{tag="String","text"}
{tag="String","ë§ˆì§€ë§‰ìœ¼ë¡œ ì ì‹œë§Œ ê¸°ë‹¤ë ¤ì£¼ê²Œ, ì¹œì ˆí•œ ëª¨í—˜ê°€ì—¬. ë‘ ê°€ì§€ ë‹µë¡€ë¥¼ ê°€ì ¸ë‹¤ì¤„í…Œë‹ˆ ë§ì¼ì„¸! í•˜í•˜, ë“œë””ì–´ ëì´ ë‚˜ëŠ”êµ¬ë‚˜!"}
{tag="String","answers"}
{tag="String","[ê¸°ë‹¤ë¦°ë‹¤]"}
{tag="String","jump"}
{tag="String","totally-complete3"}
{tag="String","id"}
{tag="String","complete3"}
{tag="String","text"}
{tag="String","#LIGHT_GREEN#*ì ì‹œ ê¸°ë‹¤ë¦¬ì, ì—°ê¸ˆìˆ ì‚¬ê°€ ì‘ì€ ìœ ë¦¬ ì•½ë³‘ì„ ë“¤ê³  ëŒì•„ì™”ìŠµë‹ˆë‹¤. ì—°ê¸ˆìˆ ì‚¬ê°€ ë‹¹ì‹ ì—ê²Œ ì•½ë³‘ì„ ê±´ë„¤ì¤ë‹ˆë‹¤.*#WHITE#\
ë³´ìƒì¼ì„¸. ë§ˆìŒê» ì¦ê¸°ê²Œë‚˜."}
{tag="String","answers"}
{tag="String","ê°ì‚¬í•©ë‹ˆë‹¤. ê·¸ëŸ¼ ì´ë§Œ."}
{tag="String","cond"}
{tag="String","isCompleted"}
{tag="String","almost"}
{tag="String","isCompleted"}
{tag="String","full"}
{tag="String","action"}
{tag="String","setQuestStatus"}
{tag="String","brotherhood-of-alchemists"}
{tag="String","Quest"}
{tag="String","COMPLETED"}
{tag="String","full"}
{tag="String","reward"}
{tag="String","id"}
{tag="String","update_needed_ingredients"}
{tag="String","ê°ì‚¬í•©ë‹ˆë‹¤. ê·¸ëŸ¼ ì´ë§Œ."}
{tag="String","cond"}
{tag="String","isCompleted"}
{tag="String","almost"}
{tag="String","isCompleted"}
{tag="String","full"}
{tag="String","action"}
{tag="String","setQuestStatus"}
{tag="String","brotherhood-of-alchemists"}
{tag="String","Quest"}
{tag="String","COMPLETED"}
{tag="String","full"}
{tag="String","reward"}
{tag="String","id"}
{tag="String","update_needed_ingredients"}
{tag="String","ê°ì‚¬í•©ë‹ˆë‹¤. ê·¸ëŸ¼ ì´ë§Œ."}
{tag="String","cond"}
{tag="String","isCompleted"}
{tag="String","almost"}
{tag="String","isCompleted"}
{tag="String","full"}
{tag="String","action"}
{tag="String","setQuestStatus"}
{tag="String","brotherhood-of-alchemists"}
{tag="String","Quest"}
{tag="String","COMPLETED"}
{tag="String","full"}
{tag="String","reward"}
{tag="String","id"}
{tag="String","update_needed_ingredients"}
{tag="String","id"}
{tag="String","totally-complete3"}
{tag="String","text"}
{tag="String","#LIGHT_GREEN#*ì ì‹œ ê¸°ë‹¤ë¦¬ì, ì—°ê¸ˆìˆ ì‚¬ê°€ ì‘ì€ ìœ ë¦¬ ì•½ë³‘ê³¼ ì´ˆë¡ìƒ‰ ë³´ì„ì„ ë“¤ê³  ëŒì•„ì™”ìŠµë‹ˆë‹¤.*#WHITE#\
ë…¸ë ¥ì˜ ê²°ì‹¤ì„ ì¦ê¸°ê²Œë‚˜, ëª¨í—˜ê°€ì—¬. ë‚´ ì´ë ‡ê²Œ ë  ì¤„ ì•Œì•˜ë‹¤ë„¤. ì´ ê°ì‚¬ë¥¼ ë‹´ì•„, ë‚´ ì²«ì§¸ ì•„ì´ì˜ ì´ë¦„ì„... ì–´, ìë„¤ ì´ë¦„ì´ ì–´ë–»ê²Œ ë˜ë”ë¼? í•˜í•˜, ë†ë‹´ì¼ì„¸. ë„ˆë¬´ ê¸°ë¶„ì´ ì¢‹ì•„ì„œ ë³„ í—›ì†Œë¦¬ê°€ ë‹¤ ë‚˜ì˜¤ëŠ”êµ°. ì˜ ì§€ë‚´ê²Œë‚˜."}
{tag="String","answers"}
{tag="String","ê°ì‚¬í•©ë‹ˆë‹¤. ê·¸ëŸ¼ ì´ë§Œ."}
{tag="String","cond"}
{tag="String","isCompleted"}
{tag="String","almost"}
{tag="String","isCompleted"}
{tag="String","full"}
{tag="String","action"}
{tag="String","setQuestStatus"}
{tag="String","brotherhood-of-alchemists"}
{tag="String","Quest"}
{tag="String","COMPLETED"}
{tag="String","full"}
{tag="String","reward"}
{tag="String","id"}
{tag="String","reward"}
{tag="String","update_needed_ingredients"}
{tag="String","winner_is"}
{tag="String","setQuestStatus"}
{tag="String","brotherhood-of-alchemists"}
{tag="String","Quest"}
{tag="String","DONE"}
{tag="String","ê°ì‚¬í•©ë‹ˆë‹¤. ê·¸ëŸ¼ ì´ë§Œ."}
{tag="String","cond"}
{tag="String","isCompleted"}
{tag="String","almost"}
{tag="String","isCompleted"}
{tag="String","full"}
{tag="String","action"}
{tag="String","setQuestStatus"}
{tag="String","brotherhood-of-alchemists"}
{tag="String","Quest"}
{tag="String","COMPLETED"}
{tag="String","full"}
{tag="String","reward"}
{tag="String","id"}
{tag="String","reward"}
{tag="String","update_needed_ingredients"}
{tag="String","winner_is"}
{tag="String","setQuestStatus"}
{tag="String","brotherhood-of-alchemists"}
{tag="String","Quest"}
{tag="String","DONE"}
{tag="String","ê°ì‚¬í•©ë‹ˆë‹¤. ê·¸ëŸ¼ ì´ë§Œ."}
{tag="String","cond"}
{tag="String","isCompleted"}
{tag="String","almost"}
{tag="String","isCompleted"}
{tag="String","full"}
{tag="String","action"}
{tag="String","setQuestStatus"}
{tag="String","brotherhood-of-alchemists"}
{tag="String","Quest"}
{tag="String","COMPLETED"}
{tag="String","full"}
{tag="String","reward"}
{tag="String","id"}
{tag="String","reward"}
{tag="String","update_needed_ingredients"}
{tag="String","winner_is"}
{tag="String","setQuestStatus"}
{tag="String","brotherhood-of-alchemists"}
{tag="String","Quest"}
{tag="String","DONE"}
{tag="String","id"}
{tag="String","choice"}
{tag="String","text"}
{tag="String","ì•„ì£¼ ì¢‹ì§€. ì–´ë–¤ ì—˜ë¦­ì„œì˜ ì œì¡°ë¥¼ ë„ì™€ì£¼ê³  ì‹¶ì€ê°€?"}
{tag="String","answers"}
{tag="String",""}
{tag="String","kr_name"}
{tag="String",""}
{tag="String","jump"}
{tag="String","list"}
{tag="String","cond"}
{tag="String","isCompleted"}
{tag="String","full"}
{tag="String","action"}
{tag="String","setQuestStatus"}
{tag="String","brotherhood-of-alchemists"}
{tag="String","Quest"}
{tag="String","COMPLETED"}
{tag="String","start"}
{tag="String","update_needed_ingredients"}
{tag="String","on_select"}
{tag="String","id"}
{tag="String","identify"}
{tag="String","tooltip_x"}
{tag="String","tooltip_y"}
{tag="String","tooltipDisplayAtMap"}
{tag="String","w"}
{tag="String","h"}
{tag="String","getDesc"}
{tag="String",""}
{tag="String","kr_name"}
{tag="String",""}
{tag="String","jump"}
{tag="String","list"}
{tag="String","cond"}
{tag="String","isCompleted"}
{tag="String","full"}
{tag="String","action"}
{tag="String","setQuestStatus"}
{tag="String","brotherhood-of-alchemists"}
{tag="String","Quest"}
{tag="String","COMPLETED"}
{tag="String","start"}
{tag="String","update_needed_ingredients"}
{tag="String","on_select"}
{tag="String","id"}
{tag="String","identify"}
{tag="String","tooltip_x"}
{tag="String","tooltip_y"}
{tag="String","tooltipDisplayAtMap"}
{tag="String","w"}
{tag="String","h"}
{tag="String","getDesc"}
{tag="String",""}
{tag="String","kr_name"}
{tag="String",""}
{tag="String","jump"}
{tag="String","list"}
{tag="String","cond"}
{tag="String","isCompleted"}
{tag="String","full"}
{tag="String","action"}
{tag="String","setQuestStatus"}
{tag="String","brotherhood-of-alchemists"}
{tag="String","Quest"}
{tag="String","COMPLETED"}
{tag="String","start"}
{tag="String","update_needed_ingredients"}
{tag="String","on_select"}
{tag="String","id"}
{tag="String","identify"}
{tag="String","tooltip_x"}
{tag="String","tooltip_y"}
{tag="String","tooltipDisplayAtMap"}
{tag="String","w"}
{tag="String","h"}
{tag="String","getDesc"}
{tag="String","[ë– ë‚œë‹¤]"}
{tag="String","id"}
{tag="String","list"}
{tag="String","text"}
{tag="String","ë‚´ê°€ í•„ìš”í•œ ì¬ë£Œë“¤ì˜ ëª©ë¡ì´ë¼ë„¤. ì¬ë£Œë¥¼ ì°¾ë‹¤ê°€ ì£½ì–´ë²„ë¦¬ì§€ëŠ” ë§ê²Œë‚˜. ì˜¬í•´ì˜ ê¸°íšŒë¥¼ ë†“ì¹˜ëŠë‹ˆ ì°¨ë¼ë¦¬ ë‚´ê°€ ì£½ê³  ë§í…Œë‹ˆê¹Œ."}
{tag="String","answers"}
{tag="String","ê·¸ëŸ¼ ì´ë§Œ."}
{tag="String","id"}
{tag="String","poached"}
{tag="String","text"}
{tag="String","ë¯¸ì•ˆí•˜ê²Œ ëêµ°. ìë„¤ì˜ ë„ì›€ ì—†ì´ ì´ë¯¸ ì—˜ë¦­ì„œë¥¼ ë§Œë“¤ì—ˆë‹¤ë„¤. ìë„¤ì—ê²Œ ì¤„ ë³´ìƒì€ ì—†ë‹¤ë„¤. ë‚˜ ì—­ì‹œ ìë„¤ì—ê²Œ ë³´ìƒì„ ì¤„ ì´ìœ ê°€ ì—†ì–´ì¡Œê³ ."}
{tag="String","answers"}
{tag="String","íìœ¼ìŒ..."}
{tag="String","cond"}
{tag="String","action"}
{tag="String","remove_ingredients"}
{tag="String","short_name"}
{tag="String","setQuestStatus"}
{tag="String","brotherhood-of-alchemists"}
{tag="String","Quest"}
{tag="String","COMPLETED"}
{tag="String","almost"}
{tag="String","update_needed_ingredients"}
{tag="String","íìœ¼ìŒ..."}
{tag="String","cond"}
{tag="String","action"}
{tag="String","remove_ingredients"}
{tag="String","short_name"}
{tag="String","setQuestStatus"}
{tag="String","brotherhood-of-alchemists"}
{tag="String","Quest"}
{tag="String","COMPLETED"}
{tag="String","almost"}
{tag="String","update_needed_ingredients"}
{tag="String","íìœ¼ìŒ..."}
{tag="String","cond"}
{tag="String","action"}
{tag="String","remove_ingredients"}
{tag="String","short_name"}
{tag="String","setQuestStatus"}
{tag="String","brotherhood-of-alchemists"}
{tag="String","Quest"}
{tag="String","COMPLETED"}
{tag="String","almost"}
{tag="String","update_needed_ingredients"}
{tag="String","welcome"}
