[0m[1m-------------------------------------[0m
[0m[1m-- ../../t-engine4/game/modules/tome/data/chats/alchemist-derth.lua[0m
[0m[1m-------------------------------------[0m
{tag="String","class"}
{tag="String","Object"}
{tag="String","loadList"}
{tag="String","/data/general/objects/brotherhood-artifacts.lua"}
{tag="String","player"}
{tag="String","hasQuest"}
{tag="String","brotherhood-of-alchemists"}
{tag="String","LIFEBINDING_EMERALD"}
{tag="String","short_name"}
{tag="String","fox"}
{tag="String","name"}
{tag="String","elixir of the fox"}
{tag="String","id"}
{tag="String","ELIXIR_FOX"}
{tag="String","start"}
{tag="String","fox_start"}
{tag="String","almost"}
{tag="String","fox_almost_done"}
{tag="String","full"}
{tag="String","elixir_of_the_fox"}
{tag="String","full_2"}
{tag="String","elixir_of_avoidance"}
{tag="String","full_3"}
{tag="String","elixir_of_precision"}
{tag="String","poached"}
{tag="String","fox_poached"}
{tag="String","short_name"}
{tag="String","avoidance"}
{tag="String","name"}
{tag="String","elixir of avoidance"}
{tag="String","id"}
{tag="String","ELIXIR_AVOIDANCE"}
{tag="String","start"}
{tag="String","avoidance_start"}
{tag="String","almost"}
{tag="String","avoidance_almost_done"}
{tag="String","full"}
{tag="String","elixir_of_avoidance"}
{tag="String","full_2"}
{tag="String","elixir_of_the_fox"}
{tag="String","full_3"}
{tag="String","elixir_of_precision"}
{tag="String","poached"}
{tag="String","avoidance_poached"}
{tag="String","short_name"}
{tag="String","precision"}
{tag="String","name"}
{tag="String","elixir of precision"}
{tag="String","id"}
{tag="String","ELIXIR_PRECISION"}
{tag="String","start"}
{tag="String","precision_start"}
{tag="String","almost"}
{tag="String","precision_almost_done"}
{tag="String","full"}
{tag="String","elixir_of_precision"}
{tag="String","full_2"}
{tag="String","elixir_of_the_fox"}
{tag="String","full_3"}
{tag="String","elixir_of_avoidance"}
{tag="String","poached"}
{tag="String","precision_poached"}
{tag="String","check_ingredients"}
{tag="String","short_name"}
{tag="String","isCompleted"}
{tag="String","almost"}
{tag="String","isCompleted"}
{tag="String","full"}
{tag="String","isCompleted"}
{tag="String","start"}
{tag="String","isCompleted"}
{tag="String","full_2"}
{tag="String","isCompleted"}
{tag="String","full_3"}
{tag="String","check_ingredients"}
{tag="String","short_name"}
{tag="String","isCompleted"}
{tag="String","almost"}
{tag="String","isCompleted"}
{tag="String","full"}
{tag="String","isCompleted"}
{tag="String","start"}
{tag="String","isCompleted"}
{tag="String","full_2"}
{tag="String","isCompleted"}
{tag="String","full_3"}
{tag="String","check_ingredients"}
{tag="String","short_name"}
{tag="String","isCompleted"}
{tag="String","almost"}
{tag="String","isCompleted"}
{tag="String","full"}
{tag="String","isCompleted"}
{tag="String","start"}
{tag="String","isCompleted"}
{tag="String","poached"}
{tag="String","isCompleted"}
{tag="String","full"}
{tag="String","isCompleted"}
{tag="String","full"}
{tag="String","isCompleted"}
{tag="String","full"}
{tag="String","isCompleted"}
{tag="String","start"}
{tag="String","isCompleted"}
{tag="String","full"}
{tag="String","isCompleted"}
{tag="String","start"}
{tag="String","isCompleted"}
{tag="String","full"}
{tag="String","isCompleted"}
{tag="String","start"}
{tag="String","isCompleted"}
{tag="String","full"}
{tag="String","check_ingredients"}
{tag="String","short_name"}
{tag="String","isCompleted"}
{tag="String","start"}
{tag="String","isCompleted"}
{tag="String","full"}
{tag="String","check_ingredients"}
{tag="String","short_name"}
{tag="String","isCompleted"}
{tag="String","start"}
{tag="String","isCompleted"}
{tag="String","almost"}
{tag="String","isCompleted"}
{tag="String","full"}
{tag="String","Pfaugh. You're too late. %s has already finished. But I suppose it doesn't do any harm to take these and give you your undeserved reward."}
{tag="String","format"}
{tag="String","Ah, excellent. Hand them over, if you please. You should know that in your overlong absence, %s has managed to create a %s. I'll be most put out if he steals my rightful spot."}
{tag="String","format"}
{tag="String","isCompleted"}
{tag="String","start"}
{tag="String","isCompleted"}
{tag="String","start"}
{tag="String","isCompleted"}
{tag="String","start"}
{tag="String","id"}
{tag="String","welcome"}
{tag="String","text"}
{tag="String","#LIGHT_GREEN#*A human robed in immaculate white satin opens the door and eyes you appraisingly.*#WHITE#\
Ah, an adventurer. I was just thinking that I needed a new one."}
{tag="String","answers"}
{tag="String","That sounds promising. And ominous."}
{tag="String","jump"}
{tag="String","ominous"}
{tag="String","[leave]"}
{tag="String","id"}
{tag="String","ominous"}
{tag="String","text"}
{tag="String","Indeed, it is both promising and ominous. I can reward you handsomely for your efforts, but they will lead you into deadly peril to which, I assume, the previous three fellows who went off on my errand never to return can attest."}
{tag="String","answers"}
{tag="String","What do you propose?"}
{tag="String","jump"}
{tag="String","proposal"}
{tag="String","id"}
{tag="String","proposal"}
{tag="String","text"}
{tag="String","Good adventurer, I am an alchemist, and quite a good one. This year, for the first time, the great Brotherhood of Alchemists has invited my application to their number. I'll not try your patience with the details of the application process, but suffice to say that it is grueling. Fortunately, a mere three tasks now stand between me and acceptance."}
{tag="String","answers"}
{tag="String","How can I help?"}
{tag="String","jump"}
{tag="String","help"}
{tag="String","id"}
{tag="String","help"}
{tag="String","text"}
{tag="String","I require ingredients for three potent mixtures. Obviously, since I seek your aid, none of them is to be found by simply strolling to the local herbalist's. No, they will need to be forcibly parted from their owners who will, just as obviously, put up a fight. I've yet to encounter a naga who would be persuaded to hand over his tongue! Ha! Oh, I am droll at times."}
{tag="String","answers"}
{tag="String","I specialize in separating vital body parts from monsters. What do you offer in return?"}
{tag="String","jump"}
{tag="String","competition"}
{tag="String","id"}
{tag="String","competition"}
{tag="String","text"}
{tag="String","Why, I will let you share in the fruits of my labors! Each of the three mixtures I shall produce in a quantity sufficient to create three doses: one for me, one for the Brotherhood and their confounded trial... and one for you. I must tell you that time is of the essence. I am not the only one who the Brotherhood invited this year, yet they will accept only one applicant-- the first to complete their trials. I know of at least three others laboring furiously to take my rightful place. Should your aid see me through, then I will reward you beyond even the remarkable elixirs. I've an ancient Lifebinding Emerald that grants great powers of health and healing when used properly. What say you?"}
{tag="String","answers"}
{tag="String","I accept."}
{tag="String","jump"}
{tag="String","choice"}
{tag="String","action"}
{tag="String","grantQuest"}
{tag="String","brotherhood-of-alchemists"}
{tag="String","I cannot aid you at this time."}
{tag="String","id"}
{tag="String","choice"}
{tag="String","text"}
{tag="String","Excellent. Now then, I've three elixirs I'm working on. I'll burden you with only one at a time, since I've learned the hard way about the hazards of overloading an adventurer's brain. Here are your options: the elixir of the fox, which makes you as nimble and cunning as a fox; the elixir of avoidance, which sharpens your natural inclinations to get out of the way of incoming harm; or the elixir of precision, which grants intuitive understanding of an enemy's most sensitive spots. Which would you like to aid me with?"}
{tag="String","answers"}
{tag="String","The "}
{tag="String","name"}
{tag="String","."}
{tag="String","jump"}
{tag="String","list"}
{tag="String","cond"}
{tag="String","player"}
{tag="String","hasQuest"}
{tag="String","brotherhood-of-alchemists"}
{tag="String","isCompleted"}
{tag="String","full"}
{tag="String","action"}
{tag="String","setQuestStatus"}
{tag="String","brotherhood-of-alchemists"}
{tag="String","Quest"}
{tag="String","COMPLETED"}
{tag="String","start"}
{tag="String","player"}
{tag="String","hasQuest"}
{tag="String","brotherhood-of-alchemists"}
{tag="String","update_needed_ingredients"}
{tag="String","on_select"}
{tag="String","id"}
{tag="String","identify"}
{tag="String","tooltip_x"}
{tag="String","tooltip_y"}
{tag="String","tooltipDisplayAtMap"}
{tag="String","w"}
{tag="String","h"}
{tag="String","getDesc"}
{tag="String","The "}
{tag="String","name"}
{tag="String","."}
{tag="String","jump"}
{tag="String","list"}
{tag="String","cond"}
{tag="String","player"}
{tag="String","hasQuest"}
{tag="String","brotherhood-of-alchemists"}
{tag="String","isCompleted"}
{tag="String","full"}
{tag="String","action"}
{tag="String","setQuestStatus"}
{tag="String","brotherhood-of-alchemists"}
{tag="String","Quest"}
{tag="String","COMPLETED"}
{tag="String","start"}
{tag="String","player"}
{tag="String","hasQuest"}
{tag="String","brotherhood-of-alchemists"}
{tag="String","update_needed_ingredients"}
{tag="String","on_select"}
{tag="String","id"}
{tag="String","identify"}
{tag="String","tooltip_x"}
{tag="String","tooltip_y"}
{tag="String","tooltipDisplayAtMap"}
{tag="String","w"}
{tag="String","h"}
{tag="String","getDesc"}
{tag="String","The "}
{tag="String","name"}
{tag="String","."}
{tag="String","jump"}
{tag="String","list"}
{tag="String","cond"}
{tag="String","player"}
{tag="String","hasQuest"}
{tag="String","brotherhood-of-alchemists"}
{tag="String","isCompleted"}
{tag="String","full"}
{tag="String","action"}
{tag="String","setQuestStatus"}
{tag="String","brotherhood-of-alchemists"}
{tag="String","Quest"}
{tag="String","COMPLETED"}
{tag="String","start"}
{tag="String","player"}
{tag="String","hasQuest"}
{tag="String","brotherhood-of-alchemists"}
{tag="String","update_needed_ingredients"}
{tag="String","on_select"}
{tag="String","id"}
{tag="String","identify"}
{tag="String","tooltip_x"}
{tag="String","tooltip_y"}
{tag="String","tooltipDisplayAtMap"}
{tag="String","w"}
{tag="String","h"}
{tag="String","getDesc"}
{tag="String","[leave]"}
{tag="String","id"}
{tag="String","list"}
{tag="String","text"}
{tag="String","Here's a list of the ingredients I'm missing. Please attempt to not lose your life in their pursuit. I'll be most put out if I must wait another year. Oh, and I suppose I should tell you that I've already a handful of adventurers out scouring the unpleasant places of the world for these ingredients. Dally and one of them shall claim the prize while you're out."}
{tag="String","answers"}
{tag="String","I'll be off."}
{tag="String","isStatus"}
{tag="String","DONE"}
{tag="String","id"}
{tag="String","welcome"}
{tag="String","text"}
{tag="String","#LIGHT_GREEN#*The door is locked and nobody responds to your knocks*#WHITE#"}
{tag="String","answers"}
{tag="String","[Leave]"}
{tag="String","competition"}
{tag="String","id"}
{tag="String","welcome"}
{tag="String","text"}
{tag="String","#LIGHT_GREEN#*The alchemist opens his door.*#WHITE#\
Ah, you again."}
{tag="String","answers"}
{tag="String","I've returned with the ingredients for the "}
{tag="String","name"}
{tag="String","."}
{tag="String","jump"}
{tag="String","complete"}
{tag="String","cond"}
{tag="String","action"}
{tag="String","on_turnin"}
{tag="String","I've returned with the ingredients for the "}
{tag="String","name"}
{tag="String","."}
{tag="String","jump"}
{tag="String","complete"}
{tag="String","cond"}
{tag="String","action"}
{tag="String","on_turnin"}
{tag="String","I've returned with the ingredients for the "}
{tag="String","name"}
{tag="String","."}
{tag="String","jump"}
{tag="String","complete"}
{tag="String","cond"}
{tag="String","action"}
{tag="String","on_turnin"}
{tag="String","I've returned with the ingredients for the "}
{tag="String","name"}
{tag="String","."}
{tag="String","jump"}
{tag="String","totally-complete"}
{tag="String","cond"}
{tag="String","I've returned with the ingredients for the "}
{tag="String","name"}
{tag="String","."}
{tag="String","jump"}
{tag="String","totally-complete"}
{tag="String","cond"}
{tag="String","I've returned with the ingredients for the "}
{tag="String","name"}
{tag="String","."}
{tag="String","jump"}
{tag="String","totally-complete"}
{tag="String","cond"}
{tag="String","I've returned with the ingredients for the "}
{tag="String","name"}
{tag="String","."}
{tag="String","jump"}
{tag="String","poached"}
{tag="String","cond"}
{tag="String","I've returned with the ingredients for the "}
{tag="String","name"}
{tag="String","."}
{tag="String","jump"}
{tag="String","poached"}
{tag="String","cond"}
{tag="String","I've returned with the ingredients for the "}
{tag="String","name"}
{tag="String","."}
{tag="String","jump"}
{tag="String","poached"}
{tag="String","cond"}
{tag="String","I've come to offer more aid."}
{tag="String","jump"}
{tag="String","choice"}
{tag="String","cond"}
{tag="String","[leave]"}
{tag="String","id"}
{tag="String","complete"}
{tag="String","text"}
{tag="String","answers"}
{tag="String","[Give him the monster bits.]"}
{tag="String","jump"}
{tag="String","complete2"}
{tag="String","cond"}
{tag="String","action"}
{tag="String","setQuestStatus"}
{tag="String","brotherhood-of-alchemists"}
{tag="String","Quest"}
{tag="String","COMPLETED"}
{tag="String","almost"}
{tag="String","remove_ingredients"}
{tag="String","short_name"}
{tag="String","[Give him the monster bits.]"}
{tag="String","jump"}
{tag="String","complete2"}
{tag="String","cond"}
{tag="String","action"}
{tag="String","setQuestStatus"}
{tag="String","brotherhood-of-alchemists"}
{tag="String","Quest"}
{tag="String","COMPLETED"}
{tag="String","almost"}
{tag="String","remove_ingredients"}
{tag="String","short_name"}
{tag="String","[Give him the monster bits.]"}
{tag="String","jump"}
{tag="String","complete2"}
{tag="String","cond"}
{tag="String","action"}
{tag="String","setQuestStatus"}
{tag="String","brotherhood-of-alchemists"}
{tag="String","Quest"}
{tag="String","COMPLETED"}
{tag="String","almost"}
{tag="String","remove_ingredients"}
{tag="String","short_name"}
{tag="String","id"}
{tag="String","totally-complete"}
{tag="String","text"}
{tag="String","#LIGHT_GREEN#*The alchemist grins and motions impatiently for the ingredients.*#WHITE#\
Wonderful, absolutely wonderful! The final step! Here, let me have those!"}
{tag="String","answers"}
{tag="String","[Give him the monster bits]"}
{tag="String","jump"}
{tag="String","totally-complete2"}
{tag="String","cond"}
{tag="String","action"}
{tag="String","setQuestStatus"}
{tag="String","brotherhood-of-alchemists"}
{tag="String","Quest"}
{tag="String","COMPLETED"}
{tag="String","almost"}
{tag="String","remove_ingredients"}
{tag="String","short_name"}
{tag="String","[Give him the monster bits]"}
{tag="String","jump"}
{tag="String","totally-complete2"}
{tag="String","cond"}
{tag="String","action"}
{tag="String","setQuestStatus"}
{tag="String","brotherhood-of-alchemists"}
{tag="String","Quest"}
{tag="String","COMPLETED"}
{tag="String","almost"}
{tag="String","remove_ingredients"}
{tag="String","short_name"}
{tag="String","[Give him the monster bits]"}
{tag="String","jump"}
{tag="String","totally-complete2"}
{tag="String","cond"}
{tag="String","action"}
{tag="String","setQuestStatus"}
{tag="String","brotherhood-of-alchemists"}
{tag="String","Quest"}
{tag="String","COMPLETED"}
{tag="String","almost"}
{tag="String","remove_ingredients"}
{tag="String","short_name"}
{tag="String","id"}
{tag="String","complete2"}
{tag="String","text"}
{tag="String","Wait here while I perform my art. I'll have your reward within the hour."}
{tag="String","answers"}
{tag="String","[Wait]"}
{tag="String","jump"}
{tag="String","complete3"}
{tag="String","id"}
{tag="String","totally-complete2"}
{tag="String","text"}
{tag="String","A final wait for you, my good adventurer, and then I shall return with both your rewards! Haha, complete at last!"}
{tag="String","answers"}
{tag="String","[Wait]"}
{tag="String","jump"}
{tag="String","totally-complete3"}
{tag="String","id"}
{tag="String","complete3"}
{tag="String","text"}
{tag="String","#LIGHT_GREEN#*The alchemist finally returns and hands you a small vial of fine glass.*#WHITE#\
Enjoy your reward."}
{tag="String","answers"}
{tag="String","Thank you. I'll be off."}
{tag="String","cond"}
{tag="String","isCompleted"}
{tag="String","almost"}
{tag="String","isCompleted"}
{tag="String","full"}
{tag="String","action"}
{tag="String","setQuestStatus"}
{tag="String","brotherhood-of-alchemists"}
{tag="String","Quest"}
{tag="String","COMPLETED"}
{tag="String","full"}
{tag="String","reward"}
{tag="String","id"}
{tag="String","update_needed_ingredients"}
{tag="String","Thank you. I'll be off."}
{tag="String","cond"}
{tag="String","isCompleted"}
{tag="String","almost"}
{tag="String","isCompleted"}
{tag="String","full"}
{tag="String","action"}
{tag="String","setQuestStatus"}
{tag="String","brotherhood-of-alchemists"}
{tag="String","Quest"}
{tag="String","COMPLETED"}
{tag="String","full"}
{tag="String","reward"}
{tag="String","id"}
{tag="String","update_needed_ingredients"}
{tag="String","Thank you. I'll be off."}
{tag="String","cond"}
{tag="String","isCompleted"}
{tag="String","almost"}
{tag="String","isCompleted"}
{tag="String","full"}
{tag="String","action"}
{tag="String","setQuestStatus"}
{tag="String","brotherhood-of-alchemists"}
{tag="String","Quest"}
{tag="String","COMPLETED"}
{tag="String","full"}
{tag="String","reward"}
{tag="String","id"}
{tag="String","update_needed_ingredients"}
{tag="String","id"}
{tag="String","totally-complete3"}
{tag="String","text"}
{tag="String","#LIGHT_GREEN#*The alchemist finally returns with a vial and a green gem.*#WHITE#\
Enjoy the fruits of your labors, adventurer. I know I will. To show my appreciation, I shall name my firstborn after... er, what was your name, then? Haha, I jest. Oh, I do go on when I'm giddy. Fare you well."}
{tag="String","answers"}
{tag="String","Thank you. I'll be off."}
{tag="String","cond"}
{tag="String","isCompleted"}
{tag="String","almost"}
{tag="String","isCompleted"}
{tag="String","full"}
{tag="String","action"}
{tag="String","setQuestStatus"}
{tag="String","brotherhood-of-alchemists"}
{tag="String","Quest"}
{tag="String","COMPLETED"}
{tag="String","full"}
{tag="String","reward"}
{tag="String","id"}
{tag="String","reward"}
{tag="String","update_needed_ingredients"}
{tag="String","winner_is"}
{tag="String","setQuestStatus"}
{tag="String","brotherhood-of-alchemists"}
{tag="String","Quest"}
{tag="String","DONE"}
{tag="String","Thank you. I'll be off."}
{tag="String","cond"}
{tag="String","isCompleted"}
{tag="String","almost"}
{tag="String","isCompleted"}
{tag="String","full"}
{tag="String","action"}
{tag="String","setQuestStatus"}
{tag="String","brotherhood-of-alchemists"}
{tag="String","Quest"}
{tag="String","COMPLETED"}
{tag="String","full"}
{tag="String","reward"}
{tag="String","id"}
{tag="String","reward"}
{tag="String","update_needed_ingredients"}
{tag="String","winner_is"}
{tag="String","setQuestStatus"}
{tag="String","brotherhood-of-alchemists"}
{tag="String","Quest"}
{tag="String","DONE"}
{tag="String","Thank you. I'll be off."}
{tag="String","cond"}
{tag="String","isCompleted"}
{tag="String","almost"}
{tag="String","isCompleted"}
{tag="String","full"}
{tag="String","action"}
{tag="String","setQuestStatus"}
{tag="String","brotherhood-of-alchemists"}
{tag="String","Quest"}
{tag="String","COMPLETED"}
{tag="String","full"}
{tag="String","reward"}
{tag="String","id"}
{tag="String","reward"}
{tag="String","update_needed_ingredients"}
{tag="String","winner_is"}
{tag="String","setQuestStatus"}
{tag="String","brotherhood-of-alchemists"}
{tag="String","Quest"}
{tag="String","DONE"}
{tag="String","id"}
{tag="String","choice"}
{tag="String","text"}
{tag="String","Excellent. With which would you like to aid me?"}
{tag="String","answers"}
{tag="String","The "}
{tag="String","name"}
{tag="String","."}
{tag="String","jump"}
{tag="String","list"}
{tag="String","cond"}
{tag="String","isCompleted"}
{tag="String","full"}
{tag="String","action"}
{tag="String","setQuestStatus"}
{tag="String","brotherhood-of-alchemists"}
{tag="String","Quest"}
{tag="String","COMPLETED"}
{tag="String","start"}
{tag="String","update_needed_ingredients"}
{tag="String","on_select"}
{tag="String","id"}
{tag="String","identify"}
{tag="String","tooltip_x"}
{tag="String","tooltip_y"}
{tag="String","tooltipDisplayAtMap"}
{tag="String","w"}
{tag="String","h"}
{tag="String","getDesc"}
{tag="String","The "}
{tag="String","name"}
{tag="String","."}
{tag="String","jump"}
{tag="String","list"}
{tag="String","cond"}
{tag="String","isCompleted"}
{tag="String","full"}
{tag="String","action"}
{tag="String","setQuestStatus"}
{tag="String","brotherhood-of-alchemists"}
{tag="String","Quest"}
{tag="String","COMPLETED"}
{tag="String","start"}
{tag="String","update_needed_ingredients"}
{tag="String","on_select"}
{tag="String","id"}
{tag="String","identify"}
{tag="String","tooltip_x"}
{tag="String","tooltip_y"}
{tag="String","tooltipDisplayAtMap"}
{tag="String","w"}
{tag="String","h"}
{tag="String","getDesc"}
{tag="String","The "}
{tag="String","name"}
{tag="String","."}
{tag="String","jump"}
{tag="String","list"}
{tag="String","cond"}
{tag="String","isCompleted"}
{tag="String","full"}
{tag="String","action"}
{tag="String","setQuestStatus"}
{tag="String","brotherhood-of-alchemists"}
{tag="String","Quest"}
{tag="String","COMPLETED"}
{tag="String","start"}
{tag="String","update_needed_ingredients"}
{tag="String","on_select"}
{tag="String","id"}
{tag="String","identify"}
{tag="String","tooltip_x"}
{tag="String","tooltip_y"}
{tag="String","tooltipDisplayAtMap"}
{tag="String","w"}
{tag="String","h"}
{tag="String","getDesc"}
{tag="String","[leave]"}
{tag="String","id"}
{tag="String","list"}
{tag="String","text"}
{tag="String","Here's a list of the ingredients I'm missing. Please attempt to not lose your life in their pursuit. I'll be most put out if I must wait another year."}
{tag="String","answers"}
{tag="String","I'll be off."}
{tag="String","id"}
{tag="String","poached"}
{tag="String","text"}
{tag="String","Terribly sorry, but I've already made the elixir without your aid. I've no reward to give you, and no reason to do so if I did."}
{tag="String","answers"}
{tag="String","Hrmph."}
{tag="String","cond"}
{tag="String","action"}
{tag="String","remove_ingredients"}
{tag="String","short_name"}
{tag="String","setQuestStatus"}
{tag="String","brotherhood-of-alchemists"}
{tag="String","Quest"}
{tag="String","COMPLETED"}
{tag="String","almost"}
{tag="String","update_needed_ingredients"}
{tag="String","Hrmph."}
{tag="String","cond"}
{tag="String","action"}
{tag="String","remove_ingredients"}
{tag="String","short_name"}
{tag="String","setQuestStatus"}
{tag="String","brotherhood-of-alchemists"}
{tag="String","Quest"}
{tag="String","COMPLETED"}
{tag="String","almost"}
{tag="String","update_needed_ingredients"}
{tag="String","Hrmph."}
{tag="String","cond"}
{tag="String","action"}
{tag="String","remove_ingredients"}
{tag="String","short_name"}
{tag="String","setQuestStatus"}
{tag="String","brotherhood-of-alchemists"}
{tag="String","Quest"}
{tag="String","COMPLETED"}
{tag="String","almost"}
{tag="String","update_needed_ingredients"}
{tag="String","welcome"}
